#
#
#
#
#
#    Don't try viewing this report without a plog-converter utility!!!
#
#    plog-converter -a GA:1,2 -t tasklist -o report.tasks /path/to/this/file.log
#
#    A link to the documentation: https://pvs-studio.com/en/docs/manual/0036/
#
#
#
#
#
d99cf3ba-6fcd-43f9-9260-1179fa3a9bed
dR'8_uR%Rr[GVRER'haa@->uR%Rcka->o ;)RY=))>F-=sc.-:u%cY_c6-O))>)REc_-=s>UPuEc_-=s=-:u^nRER']uR%VJXER U2=u$2UaPR% U2=uER2uvu2R%*ERPu==UjuR%R1>'8aau'oc 8aPUo}c{8>=-_uac'Lu's->jcoLucoL-a_cU'ohU2cUajhPu>oc8 coLucNka->o Nc h>'o-8>}c,Luc.1HQ<Fc->oujuacofkucUajhPu>oc-=cu/ku'ou_}RER>u/o@->uR%Rcka->o ;)RQUPuccccccccccccccccccccccccccccpcccccccccccc.-:uc;O^pccccccCu=uavu_c;6-O^))>)R^nRERk8=-o-8>=R%!dR -2uR%R(a88o(O88o28U_ua(O6T.(9P =}'RER2->u=R%!xiS"B"ER=U=o1_R%R{<C,wT1?bGw{RB
dR'8_uR%Rr[GVRER'haa@->uR%Rcccka->o ;)RYw*J=cYJS22_cYJS22_))>)REcu>oaf}T-2uQUPuEcu>oaf}T-2u.-:uEc;u>oaf}Cu=uavu_O28's=c+cJ^^nRER']uR%VJXER U2=u$2UaPR% U2=uER2uvu2R%*ERPu==UjuR%R1>'8aau'oc 8aPUo}c{8>=-_uac'Lu's->jcoLucoL-a_cU'ohU2cUajhPu>oc8 coLucNka->o Nc h>'o-8>}c,Luc.1HQ<Fc->oujuacofkucUajhPu>oc-=cu/ku'ou_}RER>u/o@->uR%RccBRERk8=-o-8>=R%!dR -2uR%R(a88o(O88o28U_ua(O6T.(9P =}'RER2->u=R%!JSb"B"ERkauv@->uR%RccdRER=U=o1_R%R{<C,wT1?bGw{RB
dR'8_uR%Rr[GVRER'haa@->uR%Rcccka->o ;)RYw*J=cYJS22_cYJS22_))>)REcu>oaf}T-2uQUPuEcu>oaf}T-2u.-:uEc;u>oaf}Cu=uavu_O28's=c+cJ^^nRER']uR%VJXER U2=u$2UaPR% U2=uER2uvu2R%*ERPu==UjuR%R1>'8aau'oc 8aPUo}c{8>=-_uac'Lu's->jcoLuc 8haoLcU'ohU2cUajhPu>oc8 coLucNka->o Nc h>'o-8>}c,Luc.1HQ<Fc->oujuacofkucUajhPu>oc-=cu/ku'ou_}RER>u/o@->uR%RccBRERk8=-o-8>=R%!dR -2uR%R(a88o(O88o28U_ua(O6T.(9P =}'RER2->u=R%!JSb"B"ERkauv@->uR%RccdRER=U=o1_R%R{<C,wT1?bGw{RB
dR'8_uR%Rr[XbRER'haa@->uR%Rccc- c;_-=s.-:uc+cxSJbc3c_-=s.-:u^cc((c6Usuc=hauc]uc_8>Noc8vua 28]RER']uR%bXSER U2=u$2UaPR% U2=uER2uvu2R%*ERPu==UjuR%R,LucN_-=s.-:uNcvU2huc-=ckau=u>oc8>c98oLc=-_u=c8 coLucN3Nc8kuaUo8a}c,Lucu/kau==-8>c-=c->'8aau'oc8ac-oc'U>c9uc=-Pk2- -u_}RER>u/o@->uR%RcccdRERk8=-o-8>=R%!dR -2uR%R(a88o(O88o28U_ua(O6T.(9P =}'RER2->u=R%!*Sx"B"ERkauv@->uR%Rcc]L-2uc;_-=s.-:uTU'o8aww^cdRB
dR'8_uR%Rr[GVRER'haa@->uR%Rcccka->o ;)R<aa8a%cg>U92uco8c8ku>cY=c -2ucNY=N))>)REc988oT-2u,fkuEc988o^nRER']uR%VXGER U2=u$2UaPR% U2=uER2uvu2R%*ERPu==UjuR%R1>'8aau'oc 8aPUo}c{8>=-_uac'Lu's->jcoLuc=u'8>_cU'ohU2cUajhPu>oc8 coLucNka->o Nc h>'o-8>}cg>_uac'uaoU->c'8>_-o-8>=coLuck8->ouac'U>c9uc>h22}RER>u/o@->uR%RcccauocmcxnRERk8=-o-8>=R%!dR -2uR%R(a88o(O88o28U_ua(O6T.(9P =}'RER2->u=R%!**b"B"ERkauv@->uR%Rcc- c;988oT-2ucmmcQg@@^cdRER=U=o1_R%R{<C,wF{@xxw{RB
dR'8_uR%Rr[G[RER'haa@->uR%RccPuP=uo;9h  uaEcSEc9h  ua.-:u^nRER']uR%VJXER U2=u$2UaPR% U2=uER2uvu2R%*ERPu==UjuR%R,Luck8ou>o-U2c>h22ck8->ouac-=ckU==u_c->o8cNPuP=uoNc h>'o-8>}c1>=ku'ocoLuc -a=ocUajhPu>o}RER>u/o@->uR%Rcc]a-ou.-:ucmcSnRERk8=-o-8>=R%!dR -2uR%R(a88o(O88o28U_ua(O6T.(9P =}'RER2->u=R%!*Gx"B"ERkauv@->uR%Rcc_8h92uckua'u>onRER=U=o1_R%R{<C,w<M\*Gw{RB
dR'8_uR%Rr[G[RER'haa@->uR%Rccau]->_;_-=s^nRER']uR%VJXER U2=u$2UaPR% U2=uER2uvu2R%*ERPu==UjuR%R,Luck8ou>o-U2c>h22ck8->ouac-=ckU==u_c->o8cNau]->_Nc h>'o-8>}c1>=ku'ocoLuc -a=ocUajhPu>o}RER>u/o@->uR%Rcc 8aPUo;^nRERk8=-o-8>=R%!dR -2uR%R(a88o(O88o28U_ua(O6T.(9P =}'RER2->u=R%!*iV"B"ERkauv@->uR%Rc- c;auocmmcS^cdRER=U=o1_R%R{<C,w<M\*Gw{RB
dR'8_uR%RrxSSbRER'haa@->uR%Rcccka->o ;)R<aa8a%cTU-2u_co8cauU_c -2ucNY=N))>)REcP9a^nRER']uR%VXGER U2=u$2UaPR% U2=uER2uvu2R%*ERPu==UjuR%R,LucNP9aNck8->ouac]U=ch=u_ch>=U u2fcU ouac-oc]U=cvua- -u_cUjU->=oc>h22koa}c{Lu'sc2->u=%c*JJEcbxS}RER>u/o@->uR%RcccauocmcxnRERk8=-o-8>=R%!dR -2uR%R(a88o(O88o28U_ua(O6T.(9P =}'RER2->u=R%!bxSE*JJ"B"ERkauv@->uR%RccBcu2=ucdRER=U=o1_R%R{<C,w<M\*bw{RB
dR'8_uR%Rr[i[RER'haa@->uR%Rcccc- c; uaa8a;_-=s^^cdRER']uR%bGVER U2=u$2UaPR% U2=uER2uvu2R%xERPu==UjuR%R,LucN_-=sNck8->ouac]U=cho-2-:u_c9u 8auc-oc]U=cvua- -u_cUjU->=oc>h22koa}c{Lu'sc2->u=%cbbXEcbVG}RER>u/o@->uR%Rcccccka->o ;)R<aa8a%cTU-2u_co8cauU_c -2ucNY=N))>)REcsua>u2^nRERk8=-o-8>=R%!dR -2uR%R(a88o(O88o28U_ua(O6T.(9P =}'RER2->u=R%!bbXEbVG"B"ERkauv@->uR%RcccBcu2=ucdRER=U=o1_R%R{<C,w<M\xJw{RB
dR'8_uR%Rr[i[RER'haa@->uR%Rcccc- c; ]a-ou;9h  uaEc'Lh>s.-:uEcxEc_-=s^c&mcx^cdRER']uR%bGVER U2=u$2UaPR% U2=uER2uvu2R%xERPu==UjuR%R,LucN9h  uaNck8->ouac]U=cho-2-:u_c9u 8auc-oc]U=cvua- -u_cUjU->=oc>h22koa}c{Lu'sc2->u=%cbb*EcbG*}RER>u/o@->uR%Rcccccka->o ;)R<aa8a%cTU-2u_co8c]a-ouc_-=scNY=N))>)REc_-=s>UPu^nRERk8=-o-8>=R%!dR -2uR%R(a88o(O88o28U_ua(O6T.(9P =}'RER2->u=R%!bb*EbG*"B"ERkauv@->uR%Rccc- c;'Lh>s.-:uc3cS^cdRER=U=o1_R%R{<C,w<M\xJw{RB
dR'8_uR%RrxS*JRER'haa@->uR%Rccck<>oafcmc;=oah'ocO6T.<>oafc+^c;_-aK'8kfctco->oc+cVb^ncc((ck8->o=co8coLuc'haau>oc_-au'o8afcu>oafRER']uR%Xb*ER U2=u$2UaPR% U2=uER2uvu2R%JERPu==UjuR%R,Luck8->ouacN_-aK'8kfNc-=c'U=oco8cUcP8auc=oa-'o2fcU2-j>u_ck8->ouacofku}RER>u/o@->uR%Rccc- c;k<>oafw3T-2uQUPu!S"cmmcS/SS^ccccccccccccccccccccccc((cu>_c8 c_-au'o8afRERk8=-o-8>=R%!dR -2uR%R(a88o(O88o28U_ua(O6T.(9P =}'RER2->u=R%![JJ"B"ERkauv@->uR%Rcc 8ac;o->ocmcSnco->ocycVbnco->ott^cdRER=U=o1_R%R{<C,w<M\*Vw{RB
dR'8_uR%Rr[GVRER'haa@->uR%Rcccka->o ;)R{U>>8oc'auUouc -2uc8 c=-:ucY22_c6-O}))>)REcPU/=-:u^nRER']uR%VJXER U2=u$2UaPR% U2=uER2uvu2R%*ERPu==UjuR%R1>'8aau'oc 8aPUo}c{8>=-_uac'Lu's->jcoLuc=u'8>_cU'ohU2cUajhPu>oc8 coLucNka->o Nc h>'o-8>}c,Luc.1HQ<Fc->oujuacofkucUajhPu>oc-=cu/ku'ou_}RER>u/o@->uR%Rcccauoha>nRERk8=-o-8>=R%!dR -2uR%R(a88o(O88o28U_ua(O6T.(9P =}'RER2->u=R%![Vi"B"ERkauv@->uR%Rcc- c;>u]K -2uK=oUaocmmcS^cdRER=U=o1_R%R{<C,wT1?bGw{RB
dR'8_uR%RrxS*JRER'haa@->uR%Rcck<>oafcmc;=oah'ocO6T.<>oafc+^c;F-au'o8afctc -a=oK auuKu>oafc+cVb^nRER']uR%Xb*ER U2=u$2UaPR% U2=uER2uvu2R%JERPu==UjuR%R,Luck8->ouacNF-au'o8afNc-=c'U=oco8cUcP8auc=oa-'o2fcU2-j>u_ck8->ouacofku}RER>u/o@->uR%Rcck<>oafw3.oUao->jO28'scmc>u]K -2uK=oUaonRERk8=-o-8>=R%!dR -2uR%R(a88o(O88o28U_ua(O6T.(9P =}'RER2->u=R%![Gb"B"ERkauv@->uR%Rcc((c$__c -2ucau'8a_co8cF-au'o8afRER=U=o1_R%R{<C,w<M\*Vw{RB
dR'8_uR%Rr[GVRER'haa@->uR%Rccka->o ;)RY=%cS/Y/))>)REcKaujQUPu=!-"Eca=k!=-:u8 ;KaujQUPu=^c(c=-:u8 ;'LUac+^cwc-cwcx"^nRER']uR%VJXER U2=u$2UaPR% U2=uER2uvu2R%*ERPu==UjuR%R1>'8aau'oc 8aPUo}c{8>=-_uac'Lu's->jcoLucoL-a_cU'ohU2cUajhPu>oc8 coLucNka->o Nc h>'o-8>}c,Luc->oujuacUajhPu>oc8 c*Jw9-oc=-:uc-=cu/ku'ou_}RER>u/o@->uR%RBRERk8=-o-8>=R%!dR -2uR%R(a88o(g=ua2U>_(.UPk2u{8_u68_h2u(2-9(h.o_-8}'RER2->u=R%!xG*"B"ERkauv@->uR%Rc 8ac;->oc-cmcSnc-cyc=-:u8 ;KaujQUPu=^c(c=-:u8 ;'LUac+^nc-tt^RER=U=o1_R%R{<C,wT1?bGw{RB
dR'8_uR%Rr[VSRER'haa@->uR%Rc- c;>cycScZZc9U=ucmmcxS^cdRER']uR%[GSER U2=u$2UaPR% U2=uER2uvu2R%*ERPu==UjuR%R$ckUaoc8 c'8>_-o-8>U2cu/kau==-8>c-=cU2]Uf=c U2=u%c>cycS}cg>=-j>u_cofkucvU2huc-=c>uvuacycS}RER>u/o@->uR%Rcc>cmcw>nRERk8=-o-8>=R%!dR -2uR%R(a88o(g=ua2U>_(.UPk2u{8_u68_h2u(2-9(h.o_2-9}'RER2->u=R%!*J"B"ERkauv@->uR%Rc->oc-cmcSnRB
dR'8_uR%Rr[JJRER'haa@->uR%Rcc _=!-"cmcjuoT_=;^!-"nRER']uR%ViSER U2=u$2UaPR% U2=uER2uvu2R%JERPu==UjuR%R,LuaucP-jLoc9uc_uau uau>'->jc8 cUck8ou>o-U2c>h22ck8->ouacN _=N}c{Lu'sc2->u=%cxiEcxG}RERk8=-o-8>=R%!dR -2uR%R(a88o(g=ua2U>_(.UPk2u{8_u68_h2u(ka8jaUP=('Uo}'RER2->u=R%!xiExG"B"ERkauv@->uR%Rc 8ac;->oc-cmcSnc-cyc.,FKTF.nc-tt^RER=U=o1_R%R{<C,w6<6[Jw{\\RB
dR'8_uR%Rr[JJRER'haa@->uR%Rcc _=!-"cmcjuoT_=;^!-"nRER']uR%ViSER U2=u$2UaPR% U2=uER2uvu2R%JERPu==UjuR%R,LuaucP-jLoc9uc_uau uau>'->jc8 cUck8ou>o-U2c>h22ck8->ouacN _=N}c{Lu'sc2->u=%cJVEcJb}RERk8=-o-8>=R%!dR -2uR%R(a88o(g=ua2U>_(.UPk2u{8_u68_h2u(ka8jaUP=( -2oua}'RER2->u=R%!JVEJb"B"ERkauv@->uR%Rc 8ac;->oc-cmcSnc-cyc.,FKTF.nc-tt^RER=U=o1_R%R{<C,w6<6[Jw{\\RB
dR'8_uR%RrG[[RER'haa@->uR%Rc=oa'kf;k-_EcUajv!x"^nRER']uR%xJ*ER U2=u$2UaPR% U2=uER2uvu2R%JERPu==UjuR%R{8kf->jck8ou>o-U22fcoU->ou_c_UoUc a8PcNUajvNco8c9h  uacNk-_N}cOh  uac8vua 28]c-=ck8==-92u}RERk8=-o-8>=R%!dR -2uR%R(a88o(g=ua2U>_(.UPk2u{8_u68_h2u(ka8jaUP=(s-22}'RER2->u=R%!xV"B"ERkauv@->uR%Rc'LUack-_!xS"nRER=U=o1_R%R{<C,w.,C*xw{RB
dR'8_uR%Rr[GVRER'haa@->uR%Rccka->o ;)RS/Y/))o))o))o))o))o)REc-> 8!-"w39U=u^nRER']uR%VXVER U2=u$2UaPR% U2=uER2uvu2R%xERPu==UjuR%R1>'8aau'oc 8aPUo}c{8>=-_uac'Lu's->jcoLuc=u'8>_cU'ohU2cUajhPu>oc8 coLucNka->o Nc h>'o-8>}c,8cka->ocoLucvU2huc8 ck8->ouacoLucNYkNc=L8h2_c9uch=u_}RER>u/o@->uR%Rccka->o ;)RS/Y/))o))o))o))o))o))o))o))o)REc-> 8!-"w3'haau>o^nRERk8=-o-8>=R%!dR -2uR%R(a88o(g=ua2U>_(.UPk2u{8_u68_h2u(ka8jaUP=(k=}'RER2->u=R%![J"B"ERkauv@->uR%RccBRER=U=o1_R%R{<C,wT1?bGw{RB
dR'8_uR%Rr[GVRER'haa@->uR%Rccka->o ;)RS/Y/))o))o))o))o))o))o))o))o)REc-> 8!-"w3'haau>o^nRER']uR%VXVER U2=u$2UaPR% U2=uER2uvu2R%xERPu==UjuR%R1>'8aau'oc 8aPUo}c{8>=-_uac'Lu's->jcoLuc=u'8>_cU'ohU2cUajhPu>oc8 coLucNka->o Nc h>'o-8>}c,8cka->ocoLucvU2huc8 ck8->ouacoLucNYkNc=L8h2_c9uch=u_}RER>u/o@->uR%Rccka->o ;)RY_))o))o))o))o))o))o))o))o))o))o))o))o)REc-> 8!-"w3-=T8auja8h>_czcxc%cS^nRERk8=-o-8>=R%!dR -2uR%R(a88o(g=ua2U>_(.UPk2u{8_u68_h2u(ka8jaUP=(k=}'RER2->u=R%![*"B"ERkauv@->uR%Rccka->o ;)RS/Y/))o))o))o))o))o)REc-> 8!-"w39U=u^nRER=U=o1_R%R{<C,wT1?bGw{RB
dR'8_uR%Rr[GVRER'haa@->uR%Rcc='U> ;)RY-)REc->kho^nRER']uR%VJXER U2=u$2UaPR% U2=uER2uvu2R%xERPu==UjuR%R1>'8aau'oc 8aPUo}c{8>=-_uac'Lu's->jcoLuc=u'8>_cU'ohU2cUajhPu>oc8 coLucN='U> Nc h>'o-8>}c$ck8->ouaco8coLuc=-j>u_c->ocofkuc-=cu/ku'ou_}RER>u/o@->uR%RccU>U2-:u1>kho;->kho^nRERk8=-o-8>=R%!dR -2uR%R(a88o(g=ua2U>_(.UPk2u{8_u68_h2u(ka8jaUP=(=Lu22}'RER2->u=R%!Gx"B"ERkauv@->uR%Rcc'LUac->kho!6$MK{I$C."cmcdSBnRER=U=o1_R%R{<C,wT1?bGw{RB
dR'8_uR%RrGGVRER'haa@->uR%Rc]L-2uc;x^cdRER']uR%X*VER U2=u$2UaPR% U2=uER2uvu2R%*ERPu==UjuR%R\8ou>o-U22fc-> ->-ouc288k}RER>u/o@->uR%Rccka->o ';@1HI,KHC<<QEc)R9uPU2h?.3c)R^nRERk8=-o-8>=R%!dR -2uR%R(a88o(g=ua2U>_(.UPk2u{8_u68_h2u(ka8jaUP=(=Lu22}'RER2->u=R%!VX"B"ERkauv@->uR%Rckho=;4<@{?6<^nRB
dR'8_uR%Rr[GVRER'haa@->uR%Rccka->o ;)RY=%cS/Y/))>)REcKaujQUPu=!-"Ecauj.>Uk=L8o!-"^nRER']uR%VJXER U2=u$2UaPR% U2=uER2uvu2R%*ERPu==UjuR%R1>'8aau'oc 8aPUo}c{8>=-_uac'Lu's->jcoLucoL-a_cU'ohU2cUajhPu>oc8 coLucNka->o Nc h>'o-8>}c,Luc->oujuacUajhPu>oc8 c*Jw9-oc=-:uc-=cu/ku'ou_}RER>u/o@->uR%RcBRERk8=-o-8>=R%!dR -2uR%R(a88o(g=ua2U>_(.UPk2u{8_u68_h2u(ka8jaUP=(=Lu22}'RER2->u=R%!J[*"B"ERkauv@->uR%Rc 8ac;->oc-cmcSnc-cyc2u>nc-tt^cdRER=U=o1_R%R{<C,wT1?bGw{RB
dR'8_uR%RrG[[RER'haa@->uR%Rc=oa'kf;k-_EcUajv!x"^nRER']uR%xJ*ER U2=u$2UaPR% U2=uER2uvu2R%JERPu==UjuR%R{8kf->jck8ou>o-U22fcoU->ou_c_UoUc a8PcNUajvNco8c9h  uacNk-_N}cOh  uac8vua 28]c-=ck8==-92u}RERk8=-o-8>=R%!dR -2uR%R(a88o(g=ua2U>_(.UPk2u{8_u68_h2u(ka8jaUP=(o8jj2uO28's}'RER2->u=R%!xG"B"ERkauv@->uR%Rc'LUack-_!xS"nRER=U=o1_R%R{<C,w.,C*xw{RB
dR'8_uR%Rr[JJRER'haa@->uR%Rcc _=!-"cmcjuoT_=;^!-"nRER']uR%ViSER U2=u$2UaPR% U2=uER2uvu2R%JERPu==UjuR%R,LuaucP-jLoc9uc_uau uau>'->jc8 cUck8ou>o-U2c>h22ck8->ouacN _=N}c{Lu'sc2->u=%cxiEcxG}RERk8=-o-8>=R%!dR -2uR%R(a88o(g=ua2U>_(.UPk2u{8_u68_h2u(ka8jaUP=(]'}'RER2->u=R%!xiExG"B"ERkauv@->uR%Rc 8ac;->oc-cmcSnc-cyc.,FKTF.nc-tt^RER=U=o1_R%R{<C,w6<6[Jw{\\RB
dR'8_uR%Rr[GVRER'haa@->uR%Rccka->o ;)Rou=oKPP%cCu~hu=o->jcPuP8afcY_))>)REcPU/KPuP8af^nRER']uR%VJXER U2=u$2UaPR% U2=uER2uvu2R%*ERPu==UjuR%R1>'8aau'oc 8aPUo}c{8>=-_uac'Lu's->jcoLuc=u'8>_cU'ohU2cUajhPu>oc8 coLucNka->o Nc h>'o-8>}c,Luc->oujuacUajhPu>oc8 c*Jw9-oc=-:uc-=cu/ku'ou_}RER>u/o@->uR%Rcca~cmcSnRERk8=-o-8>=R%!dR -2uR%R(a88o(g=ua2U>_(.UPk2u{8_u68_h2u(ou=o=(ou=oKPP}'RER2->u=R%!bb"B"ERkauv@->uR%Rc]L-2uc;x^cdRER=U=o1_R%R{<C,wT1?bGw{RB
dR'8_uR%Rr[GVRER'haa@->uR%Rccccccccka->o ;)RY=))>)REckKa~=!a~"}k-_^nRER']uR%VJXER U2=u$2UaPR% U2=uER2uvu2R%xERPu==UjuR%R1>'8aau'oc 8aPUo}c{8>=-_uac'Lu's->jcoLuc=u'8>_cU'ohU2cUajhPu>oc8 coLucNka->o Nc h>'o-8>}c,Luck8->ouaco8c=oa->jc8 c'LUacofkuc=fP982=c-=cu/ku'ou_}RER>u/o@->uR%RcccccccBcu2=uc- c;au=h2ocmmc1Qr$@1FK\C?{<..^cdRERk8=-o-8>=R%!dR -2uR%R(a88o(g=ua2U>_(.UPk2u{8_u68_h2u(ou=o=(ou=oKka8'u==u=}'RER2->u=R%!Vb"B"ERkauv@->uR%Rccccccccka->o<aa;)R<=c->u/-=ou>oucu2cka8'u=8c'8>ck-_c)R^nRER=U=o1_R%R{<C,wT1?bGw{RB
dR'8_uR%Rr[GVRER'haa@->uR%Rccccccccka->o ;)RY=))>)REckKa~=!a~"}k-_^nRER']uR%VJXER U2=u$2UaPR% U2=uER2uvu2R%xERPu==UjuR%R1>'8aau'oc 8aPUo}c{8>=-_uac'Lu's->jcoLuc=u'8>_cU'ohU2cUajhPu>oc8 coLucNka->o Nc h>'o-8>}c,Luck8->ouaco8c=oa->jc8 c'LUacofkuc=fP982=c-=cu/ku'ou_}RER>u/o@->uR%RcccccccBRERk8=-o-8>=R%!dR -2uR%R(a88o(g=ua2U>_(.UPk2u{8_u68_h2u(ou=o=(ou=oKka8'u==u=}'RER2->u=R%!VG"B"ERkauv@->uR%Rccccccccka->o<aa;)RQ8c=uckhu_ucPUoUacU2cka8'u=8c'8>ck-_c)R^nRER=U=o1_R%R{<C,wT1?bGw{RB
dR'8_uR%Rr[GVRER'haa@->uR%Rccka->o ;)Rou=oK=f>'%c<CC?Cc->c -a=ockUaUPuouaEc=L8h2_c9ucjauUouacoLU>cSEc>cmcY_}))>)REc>^nRER']uR%VJXER U2=u$2UaPR% U2=uER2uvu2R%*ERPu==UjuR%R1>'8aau'oc 8aPUo}c{8>=-_uac'Lu's->jcoLuc=u'8>_cU'ohU2cUajhPu>oc8 coLucNka->o Nc h>'o-8>}c,LucUajhPu>oc-=cu/ku'ou_co8c9uc>8ocjauUouacoLU>c*Jw9-o}RER>u/o@->uR%Rccauoha>cwxnRERk8=-o-8>=R%!dR -2uR%R(a88o(g=ua2U>_(.UPk2u{8_u68_h2u(ou=o=(ou=oK=f>'}'RER2->u=R%!JX"B"ERkauv@->uR%Rc- c;;>cmc=Uo8-;Uajv!x"^^cymcS^cdRER=U=o1_R%R{<C,wT1?bGw{RB
dR'8_uR%Rr[GVRER'haa@->uR%Rcka->o ;)RT->U2cvU2hu%cY_))>)REcj289U2^nRER']uR%VJXER U2=u$2UaPR% U2=uER2uvu2R%*ERPu==UjuR%R1>'8aau'oc 8aPUo}c{8>=-_uac'Lu's->jcoLuc=u'8>_cU'ohU2cUajhPu>oc8 coLucNka->o Nc h>'o-8>}c,Luc->oujuacUajhPu>oc8 c*Jw9-oc=-:uc-=cu/ku'ou_}RERk8=-o-8>=R%!dR -2uR%R(a88o(g=ua2U>_(.UPk2u{8_u68_h2u(ou=o=(ou=oK=f>'}'RER2->u=R%!xS*"B"ER=U=o1_R%R{<C,wT1?bGw{RB
dR'8_uR%Rr[GVRER'haa@->uR%Rccka->o ;)RY_c)REck-_^nRER']uR%VJXER U2=u$2UaPR% U2=uER2uvu2R%*ERPu==UjuR%R1>'8aau'oc 8aPUo}c{8>=-_uac'Lu's->jcoLuc=u'8>_cU'ohU2cUajhPu>oc8 coLucNka->o Nc h>'o-8>}c,Luc->oujuacUajhPu>oc8 c*Jw9-oc=-:uc-=cu/ku'ou_}RER>u/o@->uR%Rcc9h=f4U-o;]U-o^nRERk8=-o-8>=R%!dR -2uR%R(a88o(g=ua2U>_(.UPk2u{8_u68_h2u(ou=o=(ou=oKho-2}'RER2->u=R%!G*"B"ERkauv@->uR%Rc]L-2uc;x^cdRER=U=o1_R%R{<C,wT1?bGw{RB
